500
4
7
17
3
16
5
21
9
22
11
13
14
19
23
28
24
25
29
39
34
41
33
38
48
43
35
50
42
45
56
60
75
62
87
63
70
73
74
100
77
78
81
90
83
111
92
89
109
98
103
106
107
113
110
112
132
120
127
125
121
136
140
139
145
154
122
141
159
135
142
148
174
149
167
164
176
166
179
170
177
178
184
187
181
194
186
189
192
193
197
202
201
196
203
208
205
209
210
219
216
211
228
212
225
229
217
213
222
220
230
233
239
232
247
255
245
241
254
235
240
268
251
260
258
261
277
265
267
282
272
275
274
286
284
283
281
292
276
294
279
300
296
278
299
287
293
298
301
314
302
312
303
313
305
323
308
309
316
311
319
329
333
320
326
315
332
317
325
328
334
354
356
340
349
342
352
357
351
348
346
347
364
358
360
361
362
367
369
370
378
374
377
379
389
387
393
381
397
391
380
396
411
412
425
400
404
421
433
423
406
440
416
436
441
435
420
442
439
429
430
431
446
448
450
462
467
451
468
463
457
483
456
453
460
472
473
477
479
489
480
485
499
502
486
488
493
491
504
497
505
500
520
516
506
507
531
508
509
515
514
519
541
526
530
550
532
546
533
536
539
555
540
549
538
551
554
559
560
556
557
561
565
584
575
574
567
596
569
597
570
588
576
594
591
605
592
611
616
593
602
614
610
623
604
606
627
613
621
626
629
638
645
640
647
639
641
650
642
644
663
646
654
648
649
655
671
652
658
667
682
656
678
669
687
692
672
677
679
693
680
688
690
691
694
702
712
706
723
724
718
719
704
707
708
729
722
732
728
727
713
742
725
730
736
733
734
738
739
741
743
746
745
757
747
756
766
748
775
755
768
761
754
779
772
764
767
771
777
786
776
778
780
784
785
787
792
803
790
791
819
799
804
802
821
807
827
829
809
811
812
830
842
815
836
826
820
823
844
839
852
822
843
851
845
848
831
849
859
867
863
855
860
850
877
854
864
865
869
887
870
874
875
888
889
880
878
886
890
899
893
895
896
921
900
905
923
914
924
906
907
908
922
913
936
939
917
925
935
938
926
931
933
942
944
962
951
948
950
954
972
964
955
959
963
966
983
969
970
986
987
971
978
975
994
976
989
992
998
997
997
